mode: set

be_golang/klp3/features/reimbusment/service/logic.go:17.108,19.15 2 1
be_golang/klp3/features/reimbusment/service/logic.go:19.15,21.3 1 1
be_golang/klp3/features/reimbusment/service/logic.go:22.2,23.19 2 1
be_golang/klp3/features/reimbusment/service/logic.go:23.19,25.3 1 1
be_golang/klp3/features/reimbusment/service/logic.go:26.2,29.17 3 1
be_golang/klp3/features/reimbusment/service/logic.go:33.62,35.16 2 1
be_golang/klp3/features/reimbusment/service/logic.go:35.16,37.3 1 1
be_golang/klp3/features/reimbusment/service/logic.go:38.2,38.12 1 1
be_golang/klp3/features/reimbusment/service/logic.go:42.137,47.20 4 0
be_golang/klp3/features/reimbusment/service/logic.go:47.20,49.3 1 0
be_golang/klp3/features/reimbusment/service/logic.go:50.2,50.36 1 0
be_golang/klp3/features/reimbusment/service/logic.go:50.36,52.21 2 0
be_golang/klp3/features/reimbusment/service/logic.go:52.21,54.4 1 0
be_golang/klp3/features/reimbusment/service/logic.go:55.3,55.17 1 0
be_golang/klp3/features/reimbusment/service/logic.go:55.17,57.4 1 0
be_golang/klp3/features/reimbusment/service/logic.go:58.3,58.43 1 0
be_golang/klp3/features/reimbusment/service/logic.go:58.43,60.44 2 0
be_golang/klp3/features/reimbusment/service/logic.go:60.44,62.5 1 0
be_golang/klp3/features/reimbusment/service/logic.go:64.4,64.38 1 0
be_golang/klp3/features/reimbusment/service/logic.go:64.38,66.5 1 0
be_golang/klp3/features/reimbusment/service/logic.go:68.4,68.23 1 0
be_golang/klp3/features/reimbusment/service/logic.go:68.23,70.5 1 0
be_golang/klp3/features/reimbusment/service/logic.go:72.3,72.33 1 0
be_golang/klp3/features/reimbusment/service/logic.go:73.8,75.21 2 0
be_golang/klp3/features/reimbusment/service/logic.go:75.21,77.4 1 0
be_golang/klp3/features/reimbusment/service/logic.go:78.3,78.17 1 0
be_golang/klp3/features/reimbusment/service/logic.go:78.17,80.4 1 0
be_golang/klp3/features/reimbusment/service/logic.go:81.3,81.43 1 0
be_golang/klp3/features/reimbusment/service/logic.go:81.43,83.44 2 0
be_golang/klp3/features/reimbusment/service/logic.go:83.44,85.5 1 0
be_golang/klp3/features/reimbusment/service/logic.go:87.4,87.38 1 0
be_golang/klp3/features/reimbusment/service/logic.go:87.38,89.5 1 0
be_golang/klp3/features/reimbusment/service/logic.go:90.4,90.23 1 0
be_golang/klp3/features/reimbusment/service/logic.go:90.23,92.5 1 0
be_golang/klp3/features/reimbusment/service/logic.go:94.3,94.33 1 0
be_golang/klp3/features/reimbusment/service/logic.go:100.114,103.20 2 0
be_golang/klp3/features/reimbusment/service/logic.go:103.20,105.3 1 0
be_golang/klp3/features/reimbusment/service/logic.go:106.2,107.21 2 0
be_golang/klp3/features/reimbusment/service/logic.go:107.21,109.3 1 0
be_golang/klp3/features/reimbusment/service/logic.go:110.2,111.27 2 0
be_golang/klp3/features/reimbusment/service/logic.go:111.27,113.3 1 0
be_golang/klp3/features/reimbusment/service/logic.go:114.2,114.55 1 0
be_golang/klp3/features/reimbusment/service/logic.go:114.55,116.3 1 0
be_golang/klp3/features/reimbusment/service/logic.go:117.2,117.36 1 0
be_golang/klp3/features/reimbusment/service/logic.go:117.36,118.25 1 0
be_golang/klp3/features/reimbusment/service/logic.go:118.25,120.4 1 0
be_golang/klp3/features/reimbusment/service/logic.go:121.3,121.30 1 0
be_golang/klp3/features/reimbusment/service/logic.go:121.30,123.4 1 0
be_golang/klp3/features/reimbusment/service/logic.go:124.3,124.33 1 0
be_golang/klp3/features/reimbusment/service/logic.go:124.33,126.4 1 0
be_golang/klp3/features/reimbusment/service/logic.go:127.3,129.17 3 0
be_golang/klp3/features/reimbusment/service/logic.go:129.17,131.4 1 0
be_golang/klp3/features/reimbusment/service/logic.go:132.3,132.13 1 0
be_golang/klp3/features/reimbusment/service/logic.go:133.8,133.42 1 0
be_golang/klp3/features/reimbusment/service/logic.go:133.42,134.48 1 0
be_golang/klp3/features/reimbusment/service/logic.go:134.48,136.4 1 0
be_golang/klp3/features/reimbusment/service/logic.go:137.3,137.118 1 0
be_golang/klp3/features/reimbusment/service/logic.go:137.118,139.4 1 0
be_golang/klp3/features/reimbusment/service/logic.go:140.3,140.25 1 0
be_golang/klp3/features/reimbusment/service/logic.go:140.25,142.4 1 0
be_golang/klp3/features/reimbusment/service/logic.go:143.3,143.38 1 0
be_golang/klp3/features/reimbusment/service/logic.go:143.38,146.18 3 0
be_golang/klp3/features/reimbusment/service/logic.go:146.18,148.5 1 0
be_golang/klp3/features/reimbusment/service/logic.go:149.4,149.14 1 0
be_golang/klp3/features/reimbusment/service/logic.go:150.9,153.18 3 0
be_golang/klp3/features/reimbusment/service/logic.go:153.18,155.5 1 0
be_golang/klp3/features/reimbusment/service/logic.go:156.4,156.14 1 0
be_golang/klp3/features/reimbusment/service/logic.go:158.8,158.37 1 0
be_golang/klp3/features/reimbusment/service/logic.go:158.37,159.44 1 0
be_golang/klp3/features/reimbusment/service/logic.go:159.44,161.4 1 0
be_golang/klp3/features/reimbusment/service/logic.go:162.3,162.25 1 0
be_golang/klp3/features/reimbusment/service/logic.go:162.25,164.4 1 0
be_golang/klp3/features/reimbusment/service/logic.go:165.3,165.78 1 0
be_golang/klp3/features/reimbusment/service/logic.go:165.78,167.4 1 0
be_golang/klp3/features/reimbusment/service/logic.go:168.3,168.38 1 0
be_golang/klp3/features/reimbusment/service/logic.go:168.38,171.18 3 0
be_golang/klp3/features/reimbusment/service/logic.go:171.18,173.5 1 0
be_golang/klp3/features/reimbusment/service/logic.go:174.4,174.14 1 0
be_golang/klp3/features/reimbusment/service/logic.go:175.9,178.18 3 0
be_golang/klp3/features/reimbusment/service/logic.go:178.18,180.5 1 0
be_golang/klp3/features/reimbusment/service/logic.go:181.4,181.14 1 0
be_golang/klp3/features/reimbusment/service/logic.go:183.8,185.17 2 0
be_golang/klp3/features/reimbusment/service/logic.go:185.17,187.4 1 0
be_golang/klp3/features/reimbusment/service/logic.go:188.3,188.13 1 0
be_golang/klp3/features/reimbusment/service/logic.go:193.87,195.24 2 0
be_golang/klp3/features/reimbusment/service/logic.go:195.24,197.3 1 0
be_golang/klp3/features/reimbusment/service/logic.go:198.2,198.29 1 0
be_golang/klp3/features/reimbusment/service/logic.go:198.29,200.3 1 0
be_golang/klp3/features/reimbusment/service/logic.go:202.2,202.24 1 0
be_golang/klp3/features/reimbusment/service/logic.go:202.24,204.3 1 0
be_golang/klp3/features/reimbusment/service/logic.go:205.2,205.29 1 0
be_golang/klp3/features/reimbusment/service/logic.go:205.29,207.3 1 0
be_golang/klp3/features/reimbusment/service/logic.go:208.2,208.32 1 0
be_golang/klp3/features/reimbusment/service/logic.go:208.32,210.3 1 0
be_golang/klp3/features/reimbusment/service/logic.go:211.2,212.22 2 0
be_golang/klp3/features/reimbusment/service/logic.go:212.22,214.3 1 0
be_golang/klp3/features/reimbusment/service/logic.go:215.2,215.12 1 0
be_golang/klp3/features/reimbusment/service/logic.go:218.96,223.2 1 1
be_golang/klp3/features/target/service/logic.go:15.73,20.2 1 1
be_golang/klp3/features/target/service/logic.go:23.75,25.16 2 1
be_golang/klp3/features/target/service/logic.go:25.16,27.3 1 0
be_golang/klp3/features/target/service/logic.go:28.2,29.16 2 1
be_golang/klp3/features/target/service/logic.go:29.16,31.3 1 0
be_golang/klp3/features/target/service/logic.go:32.2,33.16 2 1
be_golang/klp3/features/target/service/logic.go:33.16,35.3 1 0
be_golang/klp3/features/target/service/logic.go:37.2,37.38 1 1
be_golang/klp3/features/target/service/logic.go:37.38,38.41 1 1
be_golang/klp3/features/target/service/logic.go:38.41,40.4 1 0
be_golang/klp3/features/target/service/logic.go:41.3,41.48 1 1
be_golang/klp3/features/target/service/logic.go:41.48,43.4 1 0
be_golang/klp3/features/target/service/logic.go:46.2,46.74 1 1
be_golang/klp3/features/target/service/logic.go:46.74,48.3 1 0
be_golang/klp3/features/target/service/logic.go:50.2,51.16 2 1
be_golang/klp3/features/target/service/logic.go:51.16,53.3 1 0
be_golang/klp3/features/target/service/logic.go:54.2,54.22 1 1
be_golang/klp3/features/target/service/logic.go:57.109,63.16 4 0
be_golang/klp3/features/target/service/logic.go:63.16,65.3 1 0
be_golang/klp3/features/target/service/logic.go:67.2,68.32 2 0
be_golang/klp3/features/target/service/logic.go:68.32,71.17 2 0
be_golang/klp3/features/target/service/logic.go:71.17,73.4 1 0
be_golang/klp3/features/target/service/logic.go:74.3,74.17 1 0
be_golang/klp3/features/target/service/logic.go:74.17,76.4 1 0
be_golang/klp3/features/target/service/logic.go:77.3,78.27 2 0
be_golang/klp3/features/target/service/logic.go:78.27,80.44 2 0
be_golang/klp3/features/target/service/logic.go:80.44,82.5 1 0
be_golang/klp3/features/target/service/logic.go:84.4,84.36 1 0
be_golang/klp3/features/target/service/logic.go:84.36,86.5 1 0
be_golang/klp3/features/target/service/logic.go:87.4,87.19 1 0
be_golang/klp3/features/target/service/logic.go:87.19,89.5 1 0
be_golang/klp3/features/target/service/logic.go:91.8,93.17 2 0
be_golang/klp3/features/target/service/logic.go:93.17,95.4 1 0
be_golang/klp3/features/target/service/logic.go:96.3,96.17 1 0
be_golang/klp3/features/target/service/logic.go:96.17,98.4 1 0
be_golang/klp3/features/target/service/logic.go:107.3,108.27 2 0
be_golang/klp3/features/target/service/logic.go:108.27,110.44 2 0
be_golang/klp3/features/target/service/logic.go:110.44,112.5 1 0
be_golang/klp3/features/target/service/logic.go:114.4,114.36 1 0
be_golang/klp3/features/target/service/logic.go:114.36,116.5 1 0
be_golang/klp3/features/target/service/logic.go:117.4,117.19 1 0
be_golang/klp3/features/target/service/logic.go:117.19,119.5 1 0
be_golang/klp3/features/target/service/logic.go:124.2,124.28 1 0
be_golang/klp3/features/target/service/logic.go:128.94,130.16 2 1
be_golang/klp3/features/target/service/logic.go:130.16,132.3 1 1
be_golang/klp3/features/target/service/logic.go:133.2,133.20 1 1
be_golang/klp3/features/target/service/logic.go:137.106,140.16 2 0
be_golang/klp3/features/target/service/logic.go:140.16,142.3 1 0
be_golang/klp3/features/target/service/logic.go:145.2,146.16 2 0
be_golang/klp3/features/target/service/logic.go:146.16,148.3 1 0
be_golang/klp3/features/target/service/logic.go:151.2,152.16 2 0
be_golang/klp3/features/target/service/logic.go:152.16,154.3 1 0
be_golang/klp3/features/target/service/logic.go:157.2,160.31 2 0
be_golang/klp3/features/target/service/logic.go:160.31,162.3 1 0
be_golang/klp3/features/target/service/logic.go:164.2,164.31 1 0
be_golang/klp3/features/target/service/logic.go:164.31,165.82 1 0
be_golang/klp3/features/target/service/logic.go:165.82,168.40 1 0
be_golang/klp3/features/target/service/logic.go:168.40,170.5 1 0
be_golang/klp3/features/target/service/logic.go:174.2,174.32 1 0
be_golang/klp3/features/target/service/logic.go:174.32,176.46 1 0
be_golang/klp3/features/target/service/logic.go:176.46,178.4 1 0
be_golang/klp3/features/target/service/logic.go:182.2,182.22 1 0
be_golang/klp3/features/target/service/logic.go:182.22,184.3 1 0
be_golang/klp3/features/target/service/logic.go:187.2,188.16 2 0
be_golang/klp3/features/target/service/logic.go:188.16,190.3 1 0
be_golang/klp3/features/target/service/logic.go:192.2,192.12 1 0
be_golang/klp3/features/target/service/logic.go:196.74,199.16 2 0
be_golang/klp3/features/target/service/logic.go:199.16,201.3 1 0
be_golang/klp3/features/target/service/logic.go:204.2,205.16 2 0
be_golang/klp3/features/target/service/logic.go:205.16,207.3 1 0
be_golang/klp3/features/target/service/logic.go:210.2,211.16 2 0
be_golang/klp3/features/target/service/logic.go:211.16,213.3 1 0
be_golang/klp3/features/target/service/logic.go:216.2,218.31 2 0
be_golang/klp3/features/target/service/logic.go:218.31,220.3 1 0
be_golang/klp3/features/target/service/logic.go:221.2,221.103 1 0
be_golang/klp3/features/target/service/logic.go:221.103,223.3 1 0
be_golang/klp3/features/target/service/logic.go:225.2,225.22 1 0
be_golang/klp3/features/target/service/logic.go:225.22,227.3 1 0
be_golang/klp3/features/target/service/logic.go:228.2,229.16 2 0
be_golang/klp3/features/target/service/logic.go:229.16,231.3 1 0
be_golang/klp3/features/target/service/logic.go:232.2,232.12 1 0

