mode: set
be_golang/klp3/features/target/service/logic.go:15.73,20.2 1 1
be_golang/klp3/features/target/service/logic.go:23.75,25.16 2 1
be_golang/klp3/features/target/service/logic.go:25.16,27.3 1 0
be_golang/klp3/features/target/service/logic.go:28.2,29.16 2 1
be_golang/klp3/features/target/service/logic.go:29.16,31.3 1 0
be_golang/klp3/features/target/service/logic.go:32.2,33.16 2 1
be_golang/klp3/features/target/service/logic.go:33.16,35.3 1 0
be_golang/klp3/features/target/service/logic.go:37.2,37.38 1 1
be_golang/klp3/features/target/service/logic.go:37.38,38.41 1 1
be_golang/klp3/features/target/service/logic.go:38.41,40.4 1 0
be_golang/klp3/features/target/service/logic.go:41.3,41.48 1 1
be_golang/klp3/features/target/service/logic.go:41.48,43.4 1 0
be_golang/klp3/features/target/service/logic.go:46.2,46.74 1 1
be_golang/klp3/features/target/service/logic.go:46.74,48.3 1 0
be_golang/klp3/features/target/service/logic.go:50.2,51.16 2 1
be_golang/klp3/features/target/service/logic.go:51.16,53.3 1 0
be_golang/klp3/features/target/service/logic.go:54.2,54.22 1 1
be_golang/klp3/features/target/service/logic.go:57.109,63.16 4 0
be_golang/klp3/features/target/service/logic.go:63.16,65.3 1 0
be_golang/klp3/features/target/service/logic.go:67.2,68.32 2 0
be_golang/klp3/features/target/service/logic.go:68.32,71.17 2 0
be_golang/klp3/features/target/service/logic.go:71.17,73.4 1 0
be_golang/klp3/features/target/service/logic.go:74.3,74.17 1 0
be_golang/klp3/features/target/service/logic.go:74.17,76.4 1 0
be_golang/klp3/features/target/service/logic.go:77.3,78.27 2 0
be_golang/klp3/features/target/service/logic.go:78.27,80.44 2 0
be_golang/klp3/features/target/service/logic.go:80.44,82.5 1 0
be_golang/klp3/features/target/service/logic.go:84.4,84.36 1 0
be_golang/klp3/features/target/service/logic.go:84.36,86.5 1 0
be_golang/klp3/features/target/service/logic.go:87.4,87.19 1 0
be_golang/klp3/features/target/service/logic.go:87.19,89.5 1 0
be_golang/klp3/features/target/service/logic.go:91.8,93.17 2 0
be_golang/klp3/features/target/service/logic.go:93.17,95.4 1 0
be_golang/klp3/features/target/service/logic.go:96.3,96.17 1 0
be_golang/klp3/features/target/service/logic.go:96.17,98.4 1 0
be_golang/klp3/features/target/service/logic.go:107.3,108.27 2 0
be_golang/klp3/features/target/service/logic.go:108.27,110.44 2 0
be_golang/klp3/features/target/service/logic.go:110.44,112.5 1 0
be_golang/klp3/features/target/service/logic.go:114.4,114.36 1 0
be_golang/klp3/features/target/service/logic.go:114.36,116.5 1 0
be_golang/klp3/features/target/service/logic.go:117.4,117.19 1 0
be_golang/klp3/features/target/service/logic.go:117.19,119.5 1 0
be_golang/klp3/features/target/service/logic.go:124.2,124.28 1 0
be_golang/klp3/features/target/service/logic.go:128.94,130.16 2 1
be_golang/klp3/features/target/service/logic.go:130.16,132.3 1 1
be_golang/klp3/features/target/service/logic.go:133.2,133.20 1 1
be_golang/klp3/features/target/service/logic.go:137.106,140.16 2 0
be_golang/klp3/features/target/service/logic.go:140.16,142.3 1 0
be_golang/klp3/features/target/service/logic.go:145.2,146.16 2 0
be_golang/klp3/features/target/service/logic.go:146.16,148.3 1 0
be_golang/klp3/features/target/service/logic.go:151.2,152.16 2 0
be_golang/klp3/features/target/service/logic.go:152.16,154.3 1 0
be_golang/klp3/features/target/service/logic.go:157.2,160.31 2 0
be_golang/klp3/features/target/service/logic.go:160.31,162.3 1 0
be_golang/klp3/features/target/service/logic.go:164.2,164.31 1 0
be_golang/klp3/features/target/service/logic.go:164.31,165.82 1 0
be_golang/klp3/features/target/service/logic.go:165.82,168.40 1 0
be_golang/klp3/features/target/service/logic.go:168.40,170.5 1 0
be_golang/klp3/features/target/service/logic.go:174.2,174.32 1 0
be_golang/klp3/features/target/service/logic.go:174.32,176.46 1 0
be_golang/klp3/features/target/service/logic.go:176.46,178.4 1 0
be_golang/klp3/features/target/service/logic.go:182.2,182.22 1 0
be_golang/klp3/features/target/service/logic.go:182.22,184.3 1 0
be_golang/klp3/features/target/service/logic.go:187.2,188.16 2 0
be_golang/klp3/features/target/service/logic.go:188.16,190.3 1 0
be_golang/klp3/features/target/service/logic.go:192.2,192.12 1 0
be_golang/klp3/features/target/service/logic.go:196.74,199.16 2 0
be_golang/klp3/features/target/service/logic.go:199.16,201.3 1 0
be_golang/klp3/features/target/service/logic.go:204.2,205.16 2 0
be_golang/klp3/features/target/service/logic.go:205.16,207.3 1 0
be_golang/klp3/features/target/service/logic.go:210.2,211.16 2 0
be_golang/klp3/features/target/service/logic.go:211.16,213.3 1 0
be_golang/klp3/features/target/service/logic.go:216.2,218.31 2 0
be_golang/klp3/features/target/service/logic.go:218.31,220.3 1 0
be_golang/klp3/features/target/service/logic.go:221.2,221.103 1 0
be_golang/klp3/features/target/service/logic.go:221.103,223.3 1 0
be_golang/klp3/features/target/service/logic.go:225.2,225.22 1 0
be_golang/klp3/features/target/service/logic.go:225.22,227.3 1 0
be_golang/klp3/features/target/service/logic.go:228.2,229.16 2 0
be_golang/klp3/features/target/service/logic.go:229.16,231.3 1 0
be_golang/klp3/features/target/service/logic.go:232.2,232.12 1 0
